
Circuit 1 cell sky130_fd_pr__pfet_01v8 and Circuit 2 cell sky130_fd_pr__pfet_01v8 are black boxes.
Warning: Equate pins:  cell sky130_fd_pr__pfet_01v8 is a placeholder, treated as a black box.
Warning: Equate pins:  cell sky130_fd_pr__pfet_01v8 is a placeholder, treated as a black box.

Subcircuit pins:
Circuit 1: sky130_fd_pr__pfet_01v8         |Circuit 2: sky130_fd_pr__pfet_01v8         
-------------------------------------------|-------------------------------------------
1                                          |1                                          
2                                          |2                                          
3                                          |3                                          
4                                          |4                                          
---------------------------------------------------------------------------------------
Cell pin lists are equivalent.
Device classes sky130_fd_pr__pfet_01v8 and sky130_fd_pr__pfet_01v8 are equivalent.
Flattening unmatched subcell sky130_fd_pr__pfet_01v8_BHVYY6 in circuit opamp3 (0)(4 instances)
Flattening unmatched subcell sky130_fd_pr__pfet_01v8_2XU92K in circuit opamp3 (0)(8 instances)

Class opamp3 (0):  Merged 12 parallel devices.
Subcircuit summary:
Circuit 1: opamp3                          |Circuit 2: opamp3                          
-------------------------------------------|-------------------------------------------
sky130_fd_pr__pfet_01v8 (16->4)            |sky130_fd_pr__pfet_01v8 (16->4)            
Number of devices: 4                       |Number of devices: 4                       
Number of nets: 6                          |Number of nets: 6                          
---------------------------------------------------------------------------------------
Resolving symmetries by property value.
Resolving symmetries by pin name.
Netlists match uniquely with property errors.
sky130_fd_pr__pfet_01v8_2XU92K_2/sky130_fd_pr__pfet_01v8:0 vs. sky130_fd_pr__pfet_01v8:M1:
 l circuit1: 0.15   circuit2: 0.5   (delta=108%, cutoff=1%)
sky130_fd_pr__pfet_01v8_2XU92K_1/sky130_fd_pr__pfet_01v8:0 vs. sky130_fd_pr__pfet_01v8:M2:
 l circuit1: 0.15   circuit2: 0.5   (delta=108%, cutoff=1%)

Subcircuit pins:
Circuit 1: opamp3                          |Circuit 2: opamp3                          
-------------------------------------------|-------------------------------------------
VIN                                        |VIN                                        
VIP                                        |VIP                                        
D5                                         |D5                                         
VDD                                        |VDD                                        
OUT                                        |OUT                                        
D6                                         |D6                                         
---------------------------------------------------------------------------------------
Cell pin lists are equivalent.
Device classes opamp3 and opamp3 are equivalent.

Final result: Circuits match uniquely.
Property errors were found.

The following cells had property errors:
 opamp3
