
Circuit 1 cell sky130_fd_pr__nfet_01v8 and Circuit 2 cell sky130_fd_pr__nfet_01v8 are black boxes.
Warning: Equate pins:  cell sky130_fd_pr__nfet_01v8 is a placeholder, treated as a black box.
Warning: Equate pins:  cell sky130_fd_pr__nfet_01v8 is a placeholder, treated as a black box.

Subcircuit pins:
Circuit 1: sky130_fd_pr__nfet_01v8         |Circuit 2: sky130_fd_pr__nfet_01v8         
-------------------------------------------|-------------------------------------------
1                                          |1                                          
2                                          |2                                          
3                                          |3                                          
---------------------------------------------------------------------------------------
Cell pin lists are equivalent.
Device classes sky130_fd_pr__nfet_01v8 and sky130_fd_pr__nfet_01v8 are equivalent.

Circuit 1 cell sky130_fd_pr__pfet_01v8 and Circuit 2 cell sky130_fd_pr__pfet_01v8 are black boxes.
Warning: Equate pins:  cell sky130_fd_pr__pfet_01v8 is a placeholder, treated as a black box.
Warning: Equate pins:  cell sky130_fd_pr__pfet_01v8 is a placeholder, treated as a black box.

Subcircuit pins:
Circuit 1: sky130_fd_pr__pfet_01v8         |Circuit 2: sky130_fd_pr__pfet_01v8         
-------------------------------------------|-------------------------------------------
1                                          |1                                          
2                                          |2                                          
3                                          |3                                          
4                                          |4                                          
---------------------------------------------------------------------------------------
Cell pin lists are equivalent.
Device classes sky130_fd_pr__pfet_01v8 and sky130_fd_pr__pfet_01v8 are equivalent.
Flattening unmatched subcell sky130_fd_pr__nfet_01v8_64Z3AY in circuit invertercoba (0)(1 instance)
Flattening unmatched subcell sky130_fd_pr__pfet_01v8_LGS3BL in circuit invertercoba (0)(1 instance)

Subcircuit summary:
Circuit 1: invertercoba                    |Circuit 2: invertercoba                    
-------------------------------------------|-------------------------------------------
sky130_fd_pr__nfet_01v8 (1)                |sky130_fd_pr__nfet_01v8 (1)                
sky130_fd_pr__pfet_01v8 (1)                |sky130_fd_pr__pfet_01v8 (1)                
Number of devices: 2                       |Number of devices: 2                       
Number of nets: 4 **Mismatch**             |Number of nets: 5 **Mismatch**             
---------------------------------------------------------------------------------------
NET mismatches: Class fragments follow (with fanout counts):
Circuit 1: invertercoba                    |Circuit 2: invertercoba                    

---------------------------------------------------------------------------------------
Net: gnd                                   |Net: gnd                                   
  sky130_fd_pr__nfet_01v8/(1|3) = 1        |  sky130_fd_pr__nfet_01v8/(1|3) = 1        
  sky130_fd_pr__nfet_01v8/4 = 1            |                                           
                                           |                                           
(no matching net)                          |Net: dummy_5                               
                                           |  sky130_fd_pr__nfet_01v8/proxy4 = 1       
---------------------------------------------------------------------------------------
Netlists do not match.
Port matching may fail to disambiguate symmetries.
  Flattening non-matched subcircuits invertercoba invertercoba

Class ringosi (0):  Merged 2 parallel devices.
Subcircuit summary:
Circuit 1: ringosi                         |Circuit 2: ringosi                         
-------------------------------------------|-------------------------------------------
sky130_fd_pr__nfet_01v8 (3->2)             |sky130_fd_pr__nfet_01v8 (3) **Mismatch**   
sky130_fd_pr__pfet_01v8 (3->2)             |sky130_fd_pr__pfet_01v8 (3) **Mismatch**   
Number of devices: 4 **Mismatch**          |Number of devices: 6 **Mismatch**          
Number of nets: 4 **Mismatch**             |Number of nets: 8 **Mismatch**             
---------------------------------------------------------------------------------------
NET mismatches: Class fragments follow (with fanout counts):
Circuit 1: ringosi                         |Circuit 2: ringosi                         

---------------------------------------------------------------------------------------
Net: vdd                                   |Net: vdd                                   
  sky130_fd_pr__pfet_01v8/(1|3) = 2        |  sky130_fd_pr__pfet_01v8/(1|3) = 3        
  sky130_fd_pr__pfet_01v8/4 = 2            |  sky130_fd_pr__pfet_01v8/4 = 3            
                                           |                                           
Net: out                                   |Net: out                                   
  sky130_fd_pr__nfet_01v8/2 = 1            |  sky130_fd_pr__nfet_01v8/2 = 1            
  sky130_fd_pr__pfet_01v8/2 = 1            |  sky130_fd_pr__pfet_01v8/2 = 1            
  sky130_fd_pr__nfet_01v8/(1|3) = 1        |  sky130_fd_pr__nfet_01v8/(1|3) = 1        
  sky130_fd_pr__pfet_01v8/(1|3) = 1        |  sky130_fd_pr__pfet_01v8/(1|3) = 1        
                                           |                                           
Net: x2/in                                 |Net: net2                                  
  sky130_fd_pr__nfet_01v8/(1|3) = 1        |  sky130_fd_pr__nfet_01v8/(1|3) = 1        
  sky130_fd_pr__nfet_01v8/2 = 1            |  sky130_fd_pr__pfet_01v8/(1|3) = 1        
  sky130_fd_pr__pfet_01v8/(1|3) = 1        |  sky130_fd_pr__nfet_01v8/2 = 1            
  sky130_fd_pr__pfet_01v8/2 = 1            |  sky130_fd_pr__pfet_01v8/2 = 1            
                                           |                                           
Net: gnd                                   |Net: gnd                                   
  sky130_fd_pr__nfet_01v8/(1|3) = 2        |  sky130_fd_pr__nfet_01v8/(1|3) = 3        
  sky130_fd_pr__nfet_01v8/4 = 2            |                                           
                                           |                                           
(no matching net)                          |Net: net1                                  
                                           |  sky130_fd_pr__nfet_01v8/(1|3) = 1        
                                           |  sky130_fd_pr__pfet_01v8/(1|3) = 1        
                                           |  sky130_fd_pr__nfet_01v8/2 = 1            
                                           |  sky130_fd_pr__pfet_01v8/2 = 1            
                                           |                                           
(no matching net)                          |Net: invertercoba:1/dummy_5                
                                           |  sky130_fd_pr__nfet_01v8/proxy4 = 1       
                                           |                                           
(no matching net)                          |Net: invertercoba:2/dummy_5                
                                           |  sky130_fd_pr__nfet_01v8/proxy4 = 1       
                                           |                                           
(no matching net)                          |Net: invertercoba:3/dummy_5                
                                           |  sky130_fd_pr__nfet_01v8/proxy4 = 1       
---------------------------------------------------------------------------------------
DEVICE mismatches: Class fragments follow (with node fanout counts):
Circuit 1: ringosi                         |Circuit 2: ringosi                         

---------------------------------------------------------------------------------------
Instance: invertercoba:x1/sky130_fd_pr__nf |Instance: invertercoba:1/sky130_fd_pr__nfe 
  (1,3) = (4,4)                            |  (1,3) = (4,3)                            
  2 = 4                                    |  2 = 4                                    
  4 = 4                                    |  proxy4 = 1                               
                                           |                                           
Instance: invertercoba:x2/sky130_fd_pr__nf |Instance: invertercoba:2/sky130_fd_pr__nfe 
  (1,3) = (4,4)                            |  (1,3) = (4,3)                            
  2 = 4                                    |  2 = 4                                    
  4 = 4                                    |  proxy4 = 1                               
                                           |                                           
Instance: invertercoba:x1/sky130_fd_pr__pf |Instance: invertercoba:3/sky130_fd_pr__nfe 
  (1,3) = (4,4)                            |  (1,3) = (4,3)                            
  2 = 4                                    |  2 = 4                                    
  4 = 4                                    |  proxy4 = 1                               
                                           |                                           
Instance: invertercoba:x2/sky130_fd_pr__pf |Instance: invertercoba:1/sky130_fd_pr__pfe 
  (1,3) = (4,4)                            |  (1,3) = (6,4)                            
  2 = 4                                    |  2 = 4                                    
  4 = 4                                    |  4 = 6                                    
                                           |                                           
(no matching instance)                     |Instance: invertercoba:2/sky130_fd_pr__pfe 
                                           |  (1,3) = (6,4)                            
                                           |  2 = 4                                    
                                           |  4 = 6                                    
                                           |                                           
                                           |                                           
(no matching instance)                     |Instance: invertercoba:3/sky130_fd_pr__pfe 
                                           |  (1,3) = (6,4)                            
                                           |  2 = 4                                    
                                           |  4 = 6                                    
                                           |                                           
---------------------------------------------------------------------------------------
Netlists do not match.
Port matching may fail to disambiguate symmetries.

Subcircuit pins:
Circuit 1: ringosi                         |Circuit 2: ringosi                         
-------------------------------------------|-------------------------------------------
vdd                                        |out **Mismatch**                           
out                                        |(no pin, node is net1)                     
gnd                                        |vdd **Mismatch**                           
(no matching pin)                          |gnd                                        
---------------------------------------------------------------------------------------
Cell pin lists for ringosi and ringosi altered to match.
Device classes ringosi and ringosi are equivalent.

Final result: Top level cell failed pin matching.
