
Circuit 1 cell sky130_fd_pr__pfet_01v8 and Circuit 2 cell sky130_fd_pr__pfet_01v8 are black boxes.
Warning: Equate pins:  cell sky130_fd_pr__pfet_01v8 is a placeholder, treated as a black box.
Warning: Equate pins:  cell sky130_fd_pr__pfet_01v8 is a placeholder, treated as a black box.

Subcircuit pins:
Circuit 1: sky130_fd_pr__pfet_01v8         |Circuit 2: sky130_fd_pr__pfet_01v8         
-------------------------------------------|-------------------------------------------
1                                          |1                                          
2                                          |2                                          
3                                          |3                                          
4                                          |4                                          
---------------------------------------------------------------------------------------
Cell pin lists are equivalent.
Device classes sky130_fd_pr__pfet_01v8 and sky130_fd_pr__pfet_01v8 are equivalent.

Circuit 1 cell sky130_fd_pr__nfet_01v8 and Circuit 2 cell sky130_fd_pr__nfet_01v8 are black boxes.
Warning: Equate pins:  cell sky130_fd_pr__nfet_01v8 is a placeholder, treated as a black box.
Warning: Equate pins:  cell sky130_fd_pr__nfet_01v8 is a placeholder, treated as a black box.

Subcircuit pins:
Circuit 1: sky130_fd_pr__nfet_01v8         |Circuit 2: sky130_fd_pr__nfet_01v8         
-------------------------------------------|-------------------------------------------
1                                          |1                                          
2                                          |2                                          
3                                          |3                                          
4                                          |4                                          
---------------------------------------------------------------------------------------
Cell pin lists are equivalent.
Device classes sky130_fd_pr__nfet_01v8 and sky130_fd_pr__nfet_01v8 are equivalent.
Flattening unmatched subcell sky130_fd_pr__pfet_01v8_2XU92K in circuit opamp3 (0)(8 instances)
Flattening unmatched subcell sky130_fd_pr__pfet_01v8_BHVYY6 in circuit opamp3 (0)(4 instances)

Class opamp3 (0):  Merged 12 parallel devices.
Subcircuit summary:
Circuit 1: opamp3                          |Circuit 2: opamp3                          
-------------------------------------------|-------------------------------------------
sky130_fd_pr__pfet_01v8 (16->4)            |sky130_fd_pr__pfet_01v8 (16->4)            
Number of devices: 4                       |Number of devices: 4                       
Number of nets: 6                          |Number of nets: 6                          
---------------------------------------------------------------------------------------
Resolving symmetries by property value.
Resolving symmetries by pin name.
Netlists match uniquely with property errors.
sky130_fd_pr__pfet_01v8_2XU92K_2/sky130_fd_pr__pfet_01v8:0 vs. sky130_fd_pr__pfet_01v8:M1:
 l circuit1: 0.15   circuit2: 0.5   (delta=108%, cutoff=1%)
sky130_fd_pr__pfet_01v8_2XU92K_0/sky130_fd_pr__pfet_01v8:0 vs. sky130_fd_pr__pfet_01v8:M2:
 l circuit1: 0.15   circuit2: 0.5   (delta=108%, cutoff=1%)

Subcircuit pins:
Circuit 1: opamp3                          |Circuit 2: opamp3                          
-------------------------------------------|-------------------------------------------
VIN                                        |VIN                                        
VIP                                        |VIP                                        
D5                                         |D5                                         
VDD                                        |VDD                                        
D6                                         |D6                                         
OUT                                        |OUT                                        
---------------------------------------------------------------------------------------
Cell pin lists are equivalent.
Device classes opamp3 and opamp3 are equivalent.
Flattening unmatched subcell sky130_fd_pr__pfet_01v8_2ZH9AN in circuit opamp1 (0)(8 instances)
Flattening unmatched subcell sky130_fd_pr__pfet_01v8_SDE6B7 in circuit opamp1 (0)(4 instances)

Class opamp1 (0):  Merged 9 parallel devices.
Class opamp1 (1):  Merged 1 parallel devices.
Subcircuit summary:
Circuit 1: opamp1                          |Circuit 2: opamp1                          
-------------------------------------------|-------------------------------------------
sky130_fd_pr__pfet_01v8 (16->7)            |sky130_fd_pr__pfet_01v8 (16->7)            
Number of devices: 7                       |Number of devices: 7                       
Number of nets: 4                          |Number of nets: 4                          
---------------------------------------------------------------------------------------
Resolving symmetries by property value.
Resolving symmetries by pin name.
Netlists match uniquely.

Subcircuit pins:
Circuit 1: opamp1                          |Circuit 2: opamp1                          
-------------------------------------------|-------------------------------------------
D5                                         |D5                                         
D1                                         |D1                                         
D2                                         |D2                                         
VDD                                        |VDD                                        
---------------------------------------------------------------------------------------
Cell pin lists are equivalent.
Device classes opamp1 and opamp1 are equivalent.
Flattening unmatched subcell sky130_fd_pr__nfet_01v8_5MNGEB in circuit opamp4 (0)(4 instances)
Flattening unmatched subcell sky130_fd_pr__nfet_01v8_6H9P4D in circuit opamp4 (0)(4 instances)

Class opamp4 (0):  Merged 8 parallel devices.
Subcircuit summary:
Circuit 1: opamp4                          |Circuit 2: opamp4                          
-------------------------------------------|-------------------------------------------
sky130_fd_pr__nfet_01v8 (12->4)            |sky130_fd_pr__nfet_01v8 (16->4)            
Number of devices: 4                       |Number of devices: 4                       
Number of nets: 3                          |Number of nets: 3                          
---------------------------------------------------------------------------------------
Netlists match uniquely with property errors.
sky130_fd_pr__nfet_01v8_6H9P4D_1/sky130_fd_pr__nfet_01v8:0 vs. sky130_fd_pr__nfet_01v8:M1:
 l circuit1: 0.15   circuit2: 0.8   (delta=137%, cutoff=1%)
 w circuit1: 2   circuit2: 4   (delta=66.7%, cutoff=1%)
sky130_fd_pr__nfet_01v8_6H9P4D_0/sky130_fd_pr__nfet_01v8:0 vs. sky130_fd_pr__nfet_01v8:M2:
 l circuit1: 0.15   circuit2: 0.8   (delta=137%, cutoff=1%)
 w circuit1: 2   circuit2: 4   (delta=66.7%, cutoff=1%)

Subcircuit pins:
Circuit 1: opamp4                          |Circuit 2: opamp4                          
-------------------------------------------|-------------------------------------------
OUT                                        |OUT                                        
D8                                         |D8                                         
GND                                        |GND                                        
---------------------------------------------------------------------------------------
Cell pin lists are equivalent.
Device classes opamp4 and opamp4 are equivalent.
Flattening unmatched subcell sky130_fd_pr__nfet_01v8_46AAJJ in circuit opamp2 (0)(2 instances)
Flattening unmatched subcell sky130_fd_pr__nfet_01v8_S44669 in circuit opamp2 (0)(2 instances)
Flattening unmatched subcell sky130_fd_pr__nfet_01v8_G7FSPD in circuit opamp2 (0)(4 instances)

Class opamp2 (0):  Merged 4 parallel devices.
Subcircuit summary:
Circuit 1: opamp2                          |Circuit 2: opamp2                          
-------------------------------------------|-------------------------------------------
sky130_fd_pr__nfet_01v8 (8->4)             |sky130_fd_pr__nfet_01v8 (7->4)             
Number of devices: 4                       |Number of devices: 4                       
Number of nets: 4                          |Number of nets: 4                          
---------------------------------------------------------------------------------------
Netlists match uniquely with property errors.
sky130_fd_pr__nfet_01v8_G7FSPD_1/sky130_fd_pr__nfet_01v8:0 vs. sky130_fd_pr__nfet_01v8:M1:
 l circuit1: 0.15   circuit2: 1   (delta=148%, cutoff=1%)
sky130_fd_pr__nfet_01v8_G7FSPD_0/sky130_fd_pr__nfet_01v8:0 vs. sky130_fd_pr__nfet_01v8:M2:
 w circuit1: 4   circuit2: 1   (delta=120%, cutoff=1%)

Subcircuit pins:
Circuit 1: opamp2                          |Circuit 2: opamp2                          
-------------------------------------------|-------------------------------------------
D4                                         |D4                                         
RS                                         |RS                                         
D3                                         |D3                                         
GND                                        |GND                                        
---------------------------------------------------------------------------------------
Cell pin lists are equivalent.
Device classes opamp2 and opamp2 are equivalent.

Subcircuit summary:
Circuit 1: opampfull                       |Circuit 2: opampfull                       
-------------------------------------------|-------------------------------------------
opamp3 (1)                                 |opamp3 (1)                                 
opamp1 (1)                                 |opamp1 (1)                                 
opamp4 (1)                                 |opamp4 (1)                                 
opamp2 (1)                                 |opamp2 (1)                                 
Number of devices: 4                       |Number of devices: 4                       
Number of nets: 11 **Mismatch**            |Number of nets: 10 **Mismatch**            
---------------------------------------------------------------------------------------
NET mismatches: Class fragments follow (with fanout counts):
Circuit 1: opampfull                       |Circuit 2: opampfull                       

---------------------------------------------------------------------------------------
Net: opamp1_1/D1                           |Net: net2                                  
  opamp1/D1 = 1                            |  opamp1/D1 = 1                            
                                           |  opamp2/D3 = 1                            
                                           |                                           
Net: opamp2_0/D3                           |(no matching net)                          
  opamp2/D3 = 1                            |                                           
---------------------------------------------------------------------------------------
Netlists do not match.
Port matching may fail to disambiguate symmetries.

Subcircuit pins:
Circuit 1: opampfull                       |Circuit 2: opampfull                       
-------------------------------------------|-------------------------------------------
RS                                         |RS                                         
VIP                                        |VIP                                        
VIN                                        |VIN                                        
GND                                        |GND                                        
OUT                                        |OUT                                        
VDD                                        |VDD                                        
---------------------------------------------------------------------------------------
Cell pin lists are equivalent.
Device classes opampfull and opampfull are equivalent.

Final result: Netlists do not match.
Port matching may fail to disambiguate symmetries.

The following cells had property errors:
 opamp3
 opamp4
 opamp2
